2025-08-04 13:36:02,140 INFO  [main] org.example.Main - Starting Main using Java 19.0.2 with PID 29877 (/Users/nikitasvec/IdeaProjects/SupportBotTG/target/classes started by nikitasvec in /Users/nikitasvec/IdeaProjects/SupportBotTG)
2025-08-04 13:36:02,147 INFO  [main] org.example.Main - No active profile set, falling back to 1 default profile: "default"
2025-08-04 13:36:02,560 INFO  [main] o.s.d.r.c.RepositoryConfigurationDelegate - Bootstrapping Spring Data JPA repositories in DEFAULT mode.
2025-08-04 13:36:02,591 INFO  [main] o.s.d.r.c.RepositoryConfigurationDelegate - Finished Spring Data repository scanning in 24 ms. Found 3 JPA repository interfaces.
2025-08-04 13:36:02,957 INFO  [main] o.s.b.w.e.tomcat.TomcatWebServer - Tomcat initialized with port 8086 (http)
2025-08-04 13:36:02,967 INFO  [main] o.a.coyote.http11.Http11NioProtocol - Initializing ProtocolHandler ["http-nio-8086"]
2025-08-04 13:36:02,968 INFO  [main] o.a.catalina.core.StandardService - Starting service [Tomcat]
2025-08-04 13:36:02,968 INFO  [main] o.a.catalina.core.StandardEngine - Starting Servlet engine: [Apache Tomcat/10.1.42]
2025-08-04 13:36:03,000 INFO  [main] o.a.c.c.C.[Tomcat].[localhost].[/] - Initializing Spring embedded WebApplicationContext
2025-08-04 13:36:03,000 INFO  [main] o.s.b.w.s.c.ServletWebServerApplicationContext - Root WebApplicationContext: initialization completed in 800 ms
2025-08-04 13:36:03,273 INFO  [main] liquibase.database - Set default schema name to public
2025-08-04 13:36:03,361 INFO  [main] liquibase.lockservice - Successfully acquired change log lock
2025-08-04 13:36:03,390 INFO  [main] liquibase.command - Clearing database change log checksums for database postgresql
2025-08-04 13:36:03,395 INFO  [main] liquibase.lockservice - Successfully released change log lock
2025-08-04 13:36:03,396 INFO  [main] liquibase.command - Command execution complete
2025-08-04 13:36:03,865 INFO  [main] liquibase.changelog - Reading from public.databasechangelog
2025-08-04 13:36:03,883 INFO  [main] liquibase.changelog - Reading from public.databasechangelog
2025-08-04 13:36:03,897 INFO  [main] liquibase.ui - Database is up to date, no changesets to execute
2025-08-04 13:36:03,898 INFO  [main] liquibase.changelog - Reading from public.databasechangelog
2025-08-04 13:36:03,902 INFO  [main] liquibase.util - UPDATE SUMMARY
2025-08-04 13:36:03,902 INFO  [main] liquibase.util - Run:                          0
2025-08-04 13:36:03,902 INFO  [main] liquibase.util - Previously run:               2
2025-08-04 13:36:03,902 INFO  [main] liquibase.util - Filtered out:                 0
2025-08-04 13:36:03,902 INFO  [main] liquibase.util - -------------------------------
2025-08-04 13:36:03,902 INFO  [main] liquibase.util - Total change sets:            2
2025-08-04 13:36:03,903 INFO  [main] liquibase.util - Update summary generated
2025-08-04 13:36:03,903 INFO  [main] liquibase.command - Command execution complete
2025-08-04 13:36:04,188 INFO  [main] o.s.o.j.p.SpringPersistenceUnitInfo - No LoadTimeWeaver setup: ignoring JPA class transformer
2025-08-04 13:36:04,220 WARN  [main] org.hibernate.orm.deprecation - HHH90000025: PostgreSQLDialect does not need to be specified explicitly using 'hibernate.dialect' (remove the property setting and it will be selected by default)
2025-08-04 13:36:04,684 INFO  [main] o.s.o.j.LocalContainerEntityManagerFactoryBean - Initialized JPA EntityManagerFactory for persistence unit 'default'
2025-08-04 13:36:04,951 WARN  [main] o.s.b.a.o.j.JpaBaseConfiguration$JpaWebConfiguration - spring.jpa.open-in-view is enabled by default. Therefore, database queries may be performed during view rendering. Explicitly configure spring.jpa.open-in-view to disable this warning
2025-08-04 13:36:05,148 INFO  [main] o.a.coyote.http11.Http11NioProtocol - Starting ProtocolHandler ["http-nio-8086"]
2025-08-04 13:36:05,158 INFO  [main] o.s.b.w.e.tomcat.TomcatWebServer - Tomcat started on port 8086 (http) with context path '/'
2025-08-04 13:36:05,282 INFO  [main] org.example.Main - Started Main in 3.534 seconds (process running for 3.753)
2025-08-04 13:38:00,303 INFO  [SpringApplicationShutdownHook] o.s.b.w.e.tomcat.GracefulShutdown - Commencing graceful shutdown. Waiting for active requests to complete
2025-08-04 13:38:00,312 INFO  [tomcat-shutdown] o.s.b.w.e.tomcat.GracefulShutdown - Graceful shutdown complete
2025-08-04 13:38:00,319 INFO  [SpringApplicationShutdownHook] o.s.o.j.LocalContainerEntityManagerFactoryBean - Closing JPA EntityManagerFactory for persistence unit 'default'
2025-08-04 13:49:10,304 INFO  [main] org.example.Main - Starting Main using Java 19.0.2 with PID 30013 (/Users/nikitasvec/IdeaProjects/SupportBotTG/target/classes started by nikitasvec in /Users/nikitasvec/IdeaProjects/SupportBotTG)
2025-08-04 13:49:10,305 INFO  [main] org.example.Main - No active profile set, falling back to 1 default profile: "default"
2025-08-04 13:49:10,624 INFO  [main] o.s.d.r.c.RepositoryConfigurationDelegate - Bootstrapping Spring Data JPA repositories in DEFAULT mode.
2025-08-04 13:49:10,649 INFO  [main] o.s.d.r.c.RepositoryConfigurationDelegate - Finished Spring Data repository scanning in 20 ms. Found 3 JPA repository interfaces.
2025-08-04 13:49:11,013 INFO  [main] o.s.b.w.e.tomcat.TomcatWebServer - Tomcat initialized with port 8086 (http)
2025-08-04 13:49:11,020 INFO  [main] o.a.coyote.http11.Http11NioProtocol - Initializing ProtocolHandler ["http-nio-8086"]
2025-08-04 13:49:11,021 INFO  [main] o.a.catalina.core.StandardService - Starting service [Tomcat]
2025-08-04 13:49:11,021 INFO  [main] o.a.catalina.core.StandardEngine - Starting Servlet engine: [Apache Tomcat/10.1.42]
2025-08-04 13:49:11,053 INFO  [main] o.a.c.c.C.[Tomcat].[localhost].[/] - Initializing Spring embedded WebApplicationContext
2025-08-04 13:49:11,053 INFO  [main] o.s.b.w.s.c.ServletWebServerApplicationContext - Root WebApplicationContext: initialization completed in 721 ms
2025-08-04 13:49:11,319 INFO  [main] liquibase.database - Set default schema name to public
2025-08-04 13:49:11,403 INFO  [main] liquibase.lockservice - Successfully acquired change log lock
2025-08-04 13:49:11,428 INFO  [main] liquibase.command - Clearing database change log checksums for database postgresql
2025-08-04 13:49:11,433 INFO  [main] liquibase.lockservice - Successfully released change log lock
2025-08-04 13:49:11,434 INFO  [main] liquibase.command - Command execution complete
2025-08-04 13:49:11,888 INFO  [main] liquibase.changelog - Reading from public.databasechangelog
2025-08-04 13:49:11,905 INFO  [main] liquibase.changelog - Reading from public.databasechangelog
2025-08-04 13:49:11,916 INFO  [main] liquibase.ui - Database is up to date, no changesets to execute
2025-08-04 13:49:11,917 INFO  [main] liquibase.changelog - Reading from public.databasechangelog
2025-08-04 13:49:11,921 INFO  [main] liquibase.util - UPDATE SUMMARY
2025-08-04 13:49:11,921 INFO  [main] liquibase.util - Run:                          0
2025-08-04 13:49:11,921 INFO  [main] liquibase.util - Previously run:               2
2025-08-04 13:49:11,921 INFO  [main] liquibase.util - Filtered out:                 0
2025-08-04 13:49:11,921 INFO  [main] liquibase.util - -------------------------------
2025-08-04 13:49:11,921 INFO  [main] liquibase.util - Total change sets:            2
2025-08-04 13:49:11,922 INFO  [main] liquibase.util - Update summary generated
2025-08-04 13:49:11,922 INFO  [main] liquibase.command - Command execution complete
2025-08-04 13:49:12,197 INFO  [main] o.s.o.j.p.SpringPersistenceUnitInfo - No LoadTimeWeaver setup: ignoring JPA class transformer
2025-08-04 13:49:12,226 WARN  [main] org.hibernate.orm.deprecation - HHH90000025: PostgreSQLDialect does not need to be specified explicitly using 'hibernate.dialect' (remove the property setting and it will be selected by default)
2025-08-04 13:49:12,672 INFO  [main] o.s.o.j.LocalContainerEntityManagerFactoryBean - Initialized JPA EntityManagerFactory for persistence unit 'default'
2025-08-04 13:49:12,938 WARN  [main] o.s.b.a.o.j.JpaBaseConfiguration$JpaWebConfiguration - spring.jpa.open-in-view is enabled by default. Therefore, database queries may be performed during view rendering. Explicitly configure spring.jpa.open-in-view to disable this warning
2025-08-04 13:49:13,114 INFO  [main] o.a.coyote.http11.Http11NioProtocol - Starting ProtocolHandler ["http-nio-8086"]
2025-08-04 13:49:13,123 INFO  [main] o.s.b.w.e.tomcat.TomcatWebServer - Tomcat started on port 8086 (http) with context path '/'
2025-08-04 13:49:13,255 INFO  [main] org.example.Main - Started Main in 3.262 seconds (process running for 3.524)
2025-08-04 13:50:04,444 INFO  [NSConnect24Bot Telegram Executor] o.e.bot.handlers.RegistrationHandler - Handling message for chatId 5855140465 at stage NONE
2025-08-04 13:50:12,353 INFO  [NSConnect24Bot Telegram Executor] o.e.bot.handlers.RegistrationHandler - Handling message for chatId 5855140465 at stage SELECT_START
2025-08-04 13:50:17,451 INFO  [NSConnect24Bot Telegram Executor] o.e.bot.handlers.RegistrationHandler - Handling message for chatId 5855140465 at stage ENTER_LASTNAME
2025-08-04 13:50:44,179 INFO  [NSConnect24Bot Telegram Executor] o.e.bot.handlers.RegistrationHandler - Handling message for chatId 5855140465 at stage ENTER_DATEOFBIRTH
2025-08-04 13:50:44,183 WARN  [NSConnect24Bot Telegram Executor] o.e.bot.handlers.RegistrationHandler - Invalid date format from chatId 5855140465: 09.05.1945
2025-08-04 13:50:56,362 INFO  [NSConnect24Bot Telegram Executor] o.e.bot.handlers.RegistrationHandler - Handling message for chatId 5855140465 at stage ENTER_DATEOFBIRTH
2025-08-04 13:50:56,364 WARN  [NSConnect24Bot Telegram Executor] o.e.bot.handlers.RegistrationHandler - Invalid date format from chatId 5855140465: 1945.05.09
2025-08-04 13:51:26,572 INFO  [NSConnect24Bot Telegram Executor] o.e.bot.handlers.RegistrationHandler - Handling message for chatId 5855140465 at stage ENTER_DATEOFBIRTH
2025-08-04 13:51:30,460 INFO  [NSConnect24Bot Telegram Executor] o.e.bot.handlers.RegistrationHandler - Handling message for chatId 5855140465 at stage ENTER_GENDER
2025-08-04 13:51:43,157 INFO  [NSConnect24Bot Telegram Executor] o.e.bot.handlers.RegistrationHandler - Handling message for chatId 5855140465 at stage ENTER_PHONE
2025-08-04 13:51:57,085 INFO  [NSConnect24Bot Telegram Executor] o.e.bot.handlers.RegistrationHandler - Handling message for chatId 5855140465 at stage ENTER_EMAIL
2025-08-04 13:54:33,463 INFO  [http-nio-8086-exec-1] o.a.c.c.C.[Tomcat].[localhost].[/] - Initializing Spring DispatcherServlet 'dispatcherServlet'
2025-08-04 13:54:33,465 INFO  [http-nio-8086-exec-1] o.s.web.servlet.DispatcherServlet - Initializing Servlet 'dispatcherServlet'
2025-08-04 13:54:33,471 INFO  [http-nio-8086-exec-1] o.s.web.servlet.DispatcherServlet - Completed initialization in 6 ms
2025-08-04 13:55:06,910 INFO  [http-nio-8086-exec-4] o.s.api.AbstractOpenApiResource - Init duration for springdoc-openapi is: 157 ms
2025-08-04 13:55:20,746 INFO  [http-nio-8086-exec-5] o.e.controller.AppointmentController - Getting all appointments
2025-08-04 13:56:02,787 INFO  [http-nio-8086-exec-8] o.example.controller.UserController - run method get all users
2025-08-04 13:57:00,430 INFO  [SpringApplicationShutdownHook] o.s.b.w.e.tomcat.GracefulShutdown - Commencing graceful shutdown. Waiting for active requests to complete
2025-08-04 13:57:00,440 INFO  [tomcat-shutdown] o.s.b.w.e.tomcat.GracefulShutdown - Graceful shutdown complete
2025-08-04 13:57:00,444 INFO  [SpringApplicationShutdownHook] o.s.o.j.LocalContainerEntityManagerFactoryBean - Closing JPA EntityManagerFactory for persistence unit 'default'
